<?xml version="1.0" encoding="UTF-8"?>
<!-- Generated by org.testng.reporters.JUnitReportReporter -->
<testsuite skipped="0" hostname="Zainab-PC" name="com.runner.NewToursRunner" tests="5" failures="0" timestamp="2020-04-17T21:03:54 EDT" time="39.690" errors="0">
  <testcase name="runScenario" time="7.546" classname="com.runner.NewToursRunner"/>
  <system-out/>
  <testcase name="runScenario" time="7.820" classname="com.runner.NewToursRunner"/>
  <system-out/>
  <testcase name="runScenario" time="7.368" classname="com.runner.NewToursRunner"/>
  <system-out/>
  <testcase name="runScenario" time="9.180" classname="com.runner.NewToursRunner"/>
  <system-out/>
  <testcase name="runScenario" time="7.776" classname="com.runner.NewToursRunner"/>
  <system-out/>
</testsuite> <!-- com.runner.NewToursRunner -->
