<?xml version="1.0" encoding="UTF-8"?>
<!-- Generated by org.testng.reporters.JUnitReportReporter -->
<testsuite skipped="0" hostname="Zainab-PC" name="com.runner.NewToursRunner" tests="5" failures="0" timestamp="2020-04-15T19:29:26 EDT" time="41.277" errors="0">
  <testcase name="runScenario" time="12.250" classname="com.runner.NewToursRunner"/>
  <system-out/>
  <testcase name="runScenario" time="6.873" classname="com.runner.NewToursRunner"/>
  <system-out/>
  <testcase name="runScenario" time="6.852" classname="com.runner.NewToursRunner"/>
  <system-out/>
  <testcase name="runScenario" time="7.653" classname="com.runner.NewToursRunner"/>
  <system-out/>
  <testcase name="runScenario" time="7.649" classname="com.runner.NewToursRunner"/>
  <system-out/>
</testsuite> <!-- com.runner.NewToursRunner -->
