<?xml version="1.0" encoding="UTF-8"?>
<!-- Generated by org.testng.reporters.JUnitReportReporter -->
<testsuite skipped="0" hostname="Zainab-PC" name="com.runner.NewToursRunner" tests="5" failures="0" timestamp="2020-04-16T10:33:58 EDT" time="36.422" errors="0">
  <testcase name="runScenario" time="6.877" classname="com.runner.NewToursRunner"/>
  <system-out/>
  <testcase name="runScenario" time="7.011" classname="com.runner.NewToursRunner"/>
  <system-out/>
  <testcase name="runScenario" time="7.232" classname="com.runner.NewToursRunner"/>
  <system-out/>
  <testcase name="runScenario" time="8.216" classname="com.runner.NewToursRunner"/>
  <system-out/>
  <testcase name="runScenario" time="7.086" classname="com.runner.NewToursRunner"/>
  <system-out/>
</testsuite> <!-- com.runner.NewToursRunner -->
