<?xml version="1.0" encoding="UTF-8"?>
<!-- Generated by org.testng.reporters.JUnitReportReporter -->
<testsuite skipped="0" hostname="Zainab-PC" name="com.runner.NewToursRunner" tests="5" failures="0" timestamp="2020-04-15T22:57:43 EDT" time="36.842" errors="0">
  <testcase name="runScenario" time="8.492" classname="com.runner.NewToursRunner"/>
  <system-out/>
  <testcase name="runScenario" time="6.885" classname="com.runner.NewToursRunner"/>
  <system-out/>
  <testcase name="runScenario" time="6.887" classname="com.runner.NewToursRunner"/>
  <system-out/>
  <testcase name="runScenario" time="6.976" classname="com.runner.NewToursRunner"/>
  <system-out/>
  <testcase name="runScenario" time="7.602" classname="com.runner.NewToursRunner"/>
  <system-out/>
</testsuite> <!-- com.runner.NewToursRunner -->
